This file contains any messages produced by compilers while
running configure, to aid debugging if configure makes a mistake.

It was created by memcached configure 1.4.25, which was
generated by GNU Autoconf 2.63.  Invocation command line was

  $ ./configure 

## --------- ##
## Platform. ##
## --------- ##

hostname = localhost.localdomain
uname -m = x86_64
uname -r = 2.6.32-504.el6.x86_64
uname -s = Linux
uname -v = #1 SMP Wed Oct 15 04:27:16 UTC 2014

/usr/bin/uname -p = unknown
/bin/uname -X     = unknown

/bin/arch              = x86_64
/usr/bin/arch -k       = unknown
/usr/convex/getsysinfo = unknown
/usr/bin/hostinfo      = unknown
/bin/machine           = unknown
/usr/bin/oslevel       = unknown
/bin/universe          = unknown

PATH: /usr/local/maven/bin
PATH: /usr/lib64/qt-3.3/bin
PATH: /usr/local/bin
PATH: /bin
PATH: /usr/bin
PATH: /usr/local/sbin
PATH: /usr/sbin
PATH: /sbin
PATH: /home/q/bin


## ----------- ##
## Core tests. ##
## ----------- ##

configure:1911: checking build system type
configure:1929: result: x86_64-unknown-linux-gnu
configure:1951: checking host system type
configure:1966: result: x86_64-unknown-linux-gnu
configure:2005: checking for a BSD-compatible install
configure:2073: result: /usr/bin/install -c
configure:2084: checking whether build environment is sane
configure:2144: result: yes
configure:2285: checking for a thread-safe mkdir -p
configure:2324: result: /bin/mkdir -p
configure:2337: checking for gawk
configure:2353: found /bin/gawk
configure:2364: result: gawk
configure:2375: checking whether make sets $(MAKE)
configure:2397: result: yes
configure:2530: checking for gcc
configure:2546: found /usr/bin/gcc
configure:2557: result: gcc
configure:2789: checking for C compiler version
configure:2797: gcc --version >&5
gcc (GCC) 4.4.7 20120313 (Red Hat 4.4.7-17)
Copyright (C) 2010 Free Software Foundation, Inc.
This is free software; see the source for copying conditions.  There is NO
warranty; not even for MERCHANTABILITY or FITNESS FOR A PARTICULAR PURPOSE.

configure:2801: $? = 0
configure:2808: gcc -v >&5
Using built-in specs.
Target: x86_64-redhat-linux
Configured with: ../configure --prefix=/usr --mandir=/usr/share/man --infodir=/usr/share/info --with-bugurl=http://bugzilla.redhat.com/bugzilla --enable-bootstrap --enable-shared --enable-threads=posix --enable-checking=release --with-system-zlib --enable-__cxa_atexit --disable-libunwind-exceptions --enable-gnu-unique-object --enable-languages=c,c++,objc,obj-c++,java,fortran,ada --enable-java-awt=gtk --disable-dssi --with-java-home=/usr/lib/jvm/java-1.5.0-gcj-1.5.0.0/jre --enable-libgcj-multifile --enable-java-maintainer-mode --with-ecj-jar=/usr/share/java/eclipse-ecj.jar --disable-libjava-multilib --with-ppl --with-cloog --with-tune=generic --with-arch_32=i686 --build=x86_64-redhat-linux
Thread model: posix
gcc version 4.4.7 20120313 (Red Hat 4.4.7-17) (GCC) 
configure:2812: $? = 0
configure:2819: gcc -V >&5
gcc: '-V' option must have argument
configure:2823: $? = 1
configure:2846: checking for C compiler default output file name
configure:2868: gcc    conftest.c  >&5
configure:2872: $? = 0
configure:2910: result: a.out
configure:2929: checking whether the C compiler works
configure:2939: ./a.out
configure:2943: $? = 0
configure:2962: result: yes
configure:2969: checking whether we are cross compiling
configure:2971: result: no
configure:2974: checking for suffix of executables
configure:2981: gcc -o conftest    conftest.c  >&5
configure:2985: $? = 0
configure:3011: result: 
configure:3017: checking for suffix of object files
configure:3043: gcc -c   conftest.c >&5
configure:3047: $? = 0
configure:3072: result: o
configure:3076: checking whether we are using the GNU C compiler
configure:3105: gcc -c   conftest.c >&5
configure:3112: $? = 0
configure:3129: result: yes
configure:3138: checking whether gcc accepts -g
configure:3168: gcc -c -g  conftest.c >&5
configure:3175: $? = 0
configure:3276: result: yes
configure:3293: checking for gcc option to accept ISO C89
configure:3367: gcc  -c -g -O2  conftest.c >&5
configure:3374: $? = 0
configure:3397: result: none needed
configure:3426: checking for style of include used by make
configure:3454: result: GNU
configure:3479: checking dependency style of gcc
configure:3589: result: gcc3
configure:3613: checking how to run the C preprocessor
configure:3653: gcc -E  conftest.c
configure:3660: $? = 0
configure:3691: gcc -E  conftest.c
conftest.c:10:28: error: ac_nonexistent.h: No such file or directory
configure:3698: $? = 1
configure: failed program was:
| /* confdefs.h.  */
| #define PACKAGE_NAME "memcached"
| #define PACKAGE_TARNAME "memcached"
| #define PACKAGE_VERSION "1.4.25"
| #define PACKAGE_STRING "memcached 1.4.25"
| #define PACKAGE_BUGREPORT "memcached@googlegroups.com"
| #define PACKAGE "memcached"
| #define VERSION "1.4.25"
| /* end confdefs.h.  */
| #include <ac_nonexistent.h>
configure:3731: result: gcc -E
configure:3760: gcc -E  conftest.c
configure:3767: $? = 0
configure:3798: gcc -E  conftest.c
conftest.c:10:28: error: ac_nonexistent.h: No such file or directory
configure:3805: $? = 1
configure: failed program was:
| /* confdefs.h.  */
| #define PACKAGE_NAME "memcached"
| #define PACKAGE_TARNAME "memcached"
| #define PACKAGE_VERSION "1.4.25"
| #define PACKAGE_STRING "memcached 1.4.25"
| #define PACKAGE_BUGREPORT "memcached@googlegroups.com"
| #define PACKAGE "memcached"
| #define VERSION "1.4.25"
| /* end confdefs.h.  */
| #include <ac_nonexistent.h>
configure:3845: checking for grep that handles long lines and -e
configure:3905: result: /bin/grep
configure:3910: checking for egrep
configure:3974: result: /bin/grep -E
configure:3981: checking for icc in use
configure:3994: result: no
configure:4014: checking for clang in use
configure:4041: gcc -c -g -O2  conftest.c >&5
conftest.c: In function 'main':
conftest.c:16: error: 'not' undeclared (first use in this function)
conftest.c:16: error: (Each undeclared identifier is reported only once
conftest.c:16: error: for each function it appears in.)
conftest.c:16: error: expected ';' before 'clang'
configure:4048: $? = 1
configure: failed program was:
| /* confdefs.h.  */
| #define PACKAGE_NAME "memcached"
| #define PACKAGE_TARNAME "memcached"
| #define PACKAGE_VERSION "1.4.25"
| #define PACKAGE_STRING "memcached 1.4.25"
| #define PACKAGE_BUGREPORT "memcached@googlegroups.com"
| #define PACKAGE "memcached"
| #define VERSION "1.4.25"
| /* end confdefs.h.  */
| 
| int
| main ()
| {
| 
|     #ifndef __clang__
|            not clang
|     #endif
| 
|   ;
|   return 0;
| }
configure:4062: result: no
configure:4069: checking for ANSI C header files
configure:4099: gcc -c -g -O2  conftest.c >&5
configure:4106: $? = 0
configure:4205: gcc -o conftest -g -O2   conftest.c  >&5
configure:4209: $? = 0
configure:4215: ./conftest
configure:4219: $? = 0
configure:4237: result: yes
configure:4261: checking for sys/types.h
configure:4282: gcc -c -g -O2  conftest.c >&5
configure:4289: $? = 0
configure:4306: result: yes
configure:4261: checking for sys/stat.h
configure:4282: gcc -c -g -O2  conftest.c >&5
configure:4289: $? = 0
configure:4306: result: yes
configure:4261: checking for stdlib.h
configure:4282: gcc -c -g -O2  conftest.c >&5
configure:4289: $? = 0
configure:4306: result: yes
configure:4261: checking for string.h
configure:4282: gcc -c -g -O2  conftest.c >&5
configure:4289: $? = 0
configure:4306: result: yes
configure:4261: checking for memory.h
configure:4282: gcc -c -g -O2  conftest.c >&5
configure:4289: $? = 0
configure:4306: result: yes
configure:4261: checking for strings.h
configure:4282: gcc -c -g -O2  conftest.c >&5
configure:4289: $? = 0
configure:4306: result: yes
configure:4261: checking for inttypes.h
configure:4282: gcc -c -g -O2  conftest.c >&5
configure:4289: $? = 0
configure:4306: result: yes
configure:4261: checking for stdint.h
configure:4282: gcc -c -g -O2  conftest.c >&5
configure:4289: $? = 0
configure:4306: result: yes
configure:4261: checking for unistd.h
configure:4282: gcc -c -g -O2  conftest.c >&5
configure:4289: $? = 0
configure:4306: result: yes
configure:4321: checking whether __SUNPRO_C is declared
configure:4350: gcc -c -g -O2  conftest.c >&5
conftest.c: In function 'main':
conftest.c:57: error: '__SUNPRO_C' undeclared (first use in this function)
conftest.c:57: error: (Each undeclared identifier is reported only once
conftest.c:57: error: for each function it appears in.)
configure:4357: $? = 1
configure: failed program was:
| /* confdefs.h.  */
| #define PACKAGE_NAME "memcached"
| #define PACKAGE_TARNAME "memcached"
| #define PACKAGE_VERSION "1.4.25"
| #define PACKAGE_STRING "memcached 1.4.25"
| #define PACKAGE_BUGREPORT "memcached@googlegroups.com"
| #define PACKAGE "memcached"
| #define VERSION "1.4.25"
| #define STDC_HEADERS 1
| #define HAVE_SYS_TYPES_H 1
| #define HAVE_SYS_STAT_H 1
| #define HAVE_STDLIB_H 1
| #define HAVE_STRING_H 1
| #define HAVE_MEMORY_H 1
| #define HAVE_STRINGS_H 1
| #define HAVE_INTTYPES_H 1
| #define HAVE_STDINT_H 1
| #define HAVE_UNISTD_H 1
| /* end confdefs.h.  */
| #include <stdio.h>
| #ifdef HAVE_SYS_TYPES_H
| # include <sys/types.h>
| #endif
| #ifdef HAVE_SYS_STAT_H
| # include <sys/stat.h>
| #endif
| #ifdef STDC_HEADERS
| # include <stdlib.h>
| # include <stddef.h>
| #else
| # ifdef HAVE_STDLIB_H
| #  include <stdlib.h>
| # endif
| #endif
| #ifdef HAVE_STRING_H
| # if !defined STDC_HEADERS && defined HAVE_MEMORY_H
| #  include <memory.h>
| # endif
| # include <string.h>
| #endif
| #ifdef HAVE_STRINGS_H
| # include <strings.h>
| #endif
| #ifdef HAVE_INTTYPES_H
| # include <inttypes.h>
| #endif
| #ifdef HAVE_STDINT_H
| # include <stdint.h>
| #endif
| #ifdef HAVE_UNISTD_H
| # include <unistd.h>
| #endif
| int
| main ()
| {
| #ifndef __SUNPRO_C
|   (void) __SUNPRO_C;
| #endif
| 
|   ;
|   return 0;
| }
configure:4372: result: no
configure:4397: checking for gcc option to accept ISO C99
configure:4556: gcc  -c -g -O2 -pthread  conftest.c >&5
conftest.c:70: error: expected ';', ',' or ')' before 'text'
conftest.c: In function 'main':
conftest.c:124: error: expected '=', ',', ';', 'asm' or '__attribute__' before 'newvar'
conftest.c:124: error: 'newvar' undeclared (first use in this function)
conftest.c:124: error: (Each undeclared identifier is reported only once
conftest.c:124: error: for each function it appears in.)
conftest.c:134: error: 'for' loop initial declarations are only allowed in C99 mode
conftest.c:134: note: use option -std=c99 or -std=gnu99 to compile your code
configure:4563: $? = 1
configure: failed program was:
| /* confdefs.h.  */
| #define PACKAGE_NAME "memcached"
| #define PACKAGE_TARNAME "memcached"
| #define PACKAGE_VERSION "1.4.25"
| #define PACKAGE_STRING "memcached 1.4.25"
| #define PACKAGE_BUGREPORT "memcached@googlegroups.com"
| #define PACKAGE "memcached"
| #define VERSION "1.4.25"
| #define STDC_HEADERS 1
| #define HAVE_SYS_TYPES_H 1
| #define HAVE_SYS_STAT_H 1
| #define HAVE_STDLIB_H 1
| #define HAVE_STRING_H 1
| #define HAVE_MEMORY_H 1
| #define HAVE_STRINGS_H 1
| #define HAVE_INTTYPES_H 1
| #define HAVE_STDINT_H 1
| #define HAVE_UNISTD_H 1
| /* end confdefs.h.  */
| #include <stdarg.h>
| #include <stdbool.h>
| #include <stdlib.h>
| #include <wchar.h>
| #include <stdio.h>
| 
| // Check varargs macros.  These examples are taken from C99 6.10.3.5.
| #define debug(...) fprintf (stderr, __VA_ARGS__)
| #define showlist(...) puts (#__VA_ARGS__)
| #define report(test,...) ((test) ? puts (#test) : printf (__VA_ARGS__))
| static void
| test_varargs_macros (void)
| {
|   int x = 1234;
|   int y = 5678;
|   debug ("Flag");
|   debug ("X = %d\n", x);
|   showlist (The first, second, and third items.);
|   report (x>y, "x is %d but y is %d", x, y);
| }
| 
| // Check long long types.
| #define BIG64 18446744073709551615ull
| #define BIG32 4294967295ul
| #define BIG_OK (BIG64 / BIG32 == 4294967297ull && BIG64 % BIG32 == 0)
| #if !BIG_OK
|   your preprocessor is broken;
| #endif
| #if BIG_OK
| #else
|   your preprocessor is broken;
| #endif
| static long long int bignum = -9223372036854775807LL;
| static unsigned long long int ubignum = BIG64;
| 
| struct incomplete_array
| {
|   int datasize;
|   double data[];
| };
| 
| struct named_init {
|   int number;
|   const wchar_t *name;
|   double average;
| };
| 
| typedef const char *ccp;
| 
| static inline int
| test_restrict (ccp restrict text)
| {
|   // See if C++-style comments work.
|   // Iterate through items via the restricted pointer.
|   // Also check for declarations in for loops.
|   for (unsigned int i = 0; *(text+i) != '\0'; ++i)
|     continue;
|   return 0;
| }
| 
| // Check varargs and va_copy.
| static void
| test_varargs (const char *format, ...)
| {
|   va_list args;
|   va_start (args, format);
|   va_list args_copy;
|   va_copy (args_copy, args);
| 
|   const char *str;
|   int number;
|   float fnumber;
| 
|   while (*format)
|     {
|       switch (*format++)
| 	{
| 	case 's': // string
| 	  str = va_arg (args_copy, const char *);
| 	  break;
| 	case 'd': // int
| 	  number = va_arg (args_copy, int);
| 	  break;
| 	case 'f': // float
| 	  fnumber = va_arg (args_copy, double);
| 	  break;
| 	default:
| 	  break;
| 	}
|     }
|   va_end (args_copy);
|   va_end (args);
| }
| 
| int
| main ()
| {
| 
|   // Check bool.
|   _Bool success = false;
| 
|   // Check restrict.
|   if (test_restrict ("String literal") == 0)
|     success = true;
|   char *restrict newvar = "Another string";
| 
|   // Check varargs.
|   test_varargs ("s, d' f .", "string", 65, 34.234);
|   test_varargs_macros ();
| 
|   // Check flexible array members.
|   struct incomplete_array *ia =
|     malloc (sizeof (struct incomplete_array) + (sizeof (double) * 10));
|   ia->datasize = 10;
|   for (int i = 0; i < ia->datasize; ++i)
|     ia->data[i] = i * 1.234;
| 
|   // Check named initializers.
|   struct named_init ni = {
|     .number = 34,
|     .name = L"Test wide string",
|     .average = 543.34343,
|   };
| 
|   ni.number = 58;
| 
|   int dynamic_array[ni.number];
|   dynamic_array[ni.number - 1] = 543;
| 
|   // work around unused variable warnings
|   return (!success || bignum == 0LL || ubignum == 0uLL || newvar[0] == 'x'
| 	  || dynamic_array[ni.number - 1] != 543);
| 
|   ;
|   return 0;
| }
configure:4556: gcc -std=gnu99 -c -g -O2 -pthread  conftest.c >&5
configure:4563: $? = 0
configure:4593: result: -std=gnu99
configure:4601: checking whether gcc -std=gnu99 and cc understand -c and -o together
configure:4636: gcc -std=gnu99 -c conftest.c -o conftest2.o >&5
configure:4640: $? = 0
configure:4646: gcc -std=gnu99 -c conftest.c -o conftest2.o >&5
configure:4650: $? = 0
configure:4661: cc -c conftest.c >&5
configure:4665: $? = 0
configure:4673: cc -c conftest.c -o conftest2.o >&5
configure:4677: $? = 0
configure:4683: cc -c conftest.c -o conftest2.o >&5
configure:4687: $? = 0
configure:4705: result: yes
configure:4746: checking for a BSD-compatible install
configure:4814: result: /usr/bin/install -c
configure:4863: checking sasl/sasl.h usability
configure:4880: gcc -std=gnu99 -c -g -O2 -pthread  conftest.c >&5
configure:4887: $? = 0
configure:4901: result: yes
configure:4905: checking sasl/sasl.h presence
configure:4920: gcc -E  conftest.c
configure:4927: $? = 0
configure:4941: result: yes
configure:4974: checking for sasl/sasl.h
configure:4983: result: yes
configure:5290: checking for gcov
configure:5308: found /usr/bin/gcov
configure:5321: result: /usr/bin/gcov
configure:5331: checking for main in -lgcov
configure:5360: gcc -std=gnu99 -o conftest -g -O2 -pthread -pthread   conftest.c -lgcov   >&5
configure:5367: $? = 0
configure:5388: result: yes
configure:5583: checking for library containing clock_gettime
configure:5624: gcc -std=gnu99 -o conftest -g -O2 -pthread -pthread   conftest.c  >&5
/tmp/cc65VXZZ.o: In function `main':
/home/q/new_proj/memcached-wb+_tree/conftest.c:32: undefined reference to `clock_gettime'
collect2: ld returned 1 exit status
configure:5631: $? = 1
configure: failed program was:
| /* confdefs.h.  */
| #define PACKAGE_NAME "memcached"
| #define PACKAGE_TARNAME "memcached"
| #define PACKAGE_VERSION "1.4.25"
| #define PACKAGE_STRING "memcached 1.4.25"
| #define PACKAGE_BUGREPORT "memcached@googlegroups.com"
| #define PACKAGE "memcached"
| #define VERSION "1.4.25"
| #define STDC_HEADERS 1
| #define HAVE_SYS_TYPES_H 1
| #define HAVE_SYS_STAT_H 1
| #define HAVE_STDLIB_H 1
| #define HAVE_STRING_H 1
| #define HAVE_MEMORY_H 1
| #define HAVE_STRINGS_H 1
| #define HAVE_INTTYPES_H 1
| #define HAVE_STDINT_H 1
| #define HAVE_UNISTD_H 1
| #define HAVE_SASL_SASL_H 1
| /* end confdefs.h.  */
| 
| /* Override any GCC internal prototype to avoid an error.
|    Use char because int might match the return type of a GCC
|    builtin and then its argument prototype would still apply.  */
| #ifdef __cplusplus
| extern "C"
| #endif
| char clock_gettime ();
| int
| main ()
| {
| return clock_gettime ();
|   ;
|   return 0;
| }
configure:5624: gcc -std=gnu99 -o conftest -g -O2 -pthread -pthread   conftest.c -lrt   >&5
configure:5631: $? = 0
configure:5662: result: -lrt
configure:5672: checking for library containing socket
configure:5713: gcc -std=gnu99 -o conftest -g -O2 -pthread -pthread   conftest.c -lrt  >&5
configure:5720: $? = 0
configure:5751: result: none required
configure:5759: checking for library containing gethostbyname
configure:5800: gcc -std=gnu99 -o conftest -g -O2 -pthread -pthread   conftest.c -lrt  >&5
configure:5807: $? = 0
configure:5838: result: none required
configure:5863: checking for libevent directory
configure:5917: gcc -std=gnu99 -o conftest -g -O2 -pthread -pthread   conftest.c -levent -lrt  >&5
configure:5924: $? = 0
configure:5979: result: (system)
configure:5998: checking for library containing umem_cache_create
configure:6039: gcc -std=gnu99 -o conftest -g -O2 -pthread -pthread   conftest.c -levent -lrt  >&5
/tmp/ccmY0YIn.o: In function `main':
/home/q/new_proj/memcached-wb+_tree/conftest.c:32: undefined reference to `umem_cache_create'
collect2: ld returned 1 exit status
configure:6046: $? = 1
configure: failed program was:
| /* confdefs.h.  */
| #define PACKAGE_NAME "memcached"
| #define PACKAGE_TARNAME "memcached"
| #define PACKAGE_VERSION "1.4.25"
| #define PACKAGE_STRING "memcached 1.4.25"
| #define PACKAGE_BUGREPORT "memcached@googlegroups.com"
| #define PACKAGE "memcached"
| #define VERSION "1.4.25"
| #define STDC_HEADERS 1
| #define HAVE_SYS_TYPES_H 1
| #define HAVE_SYS_STAT_H 1
| #define HAVE_STDLIB_H 1
| #define HAVE_STRING_H 1
| #define HAVE_MEMORY_H 1
| #define HAVE_STRINGS_H 1
| #define HAVE_INTTYPES_H 1
| #define HAVE_STDINT_H 1
| #define HAVE_UNISTD_H 1
| #define HAVE_SASL_SASL_H 1
| /* end confdefs.h.  */
| 
| /* Override any GCC internal prototype to avoid an error.
|    Use char because int might match the return type of a GCC
|    builtin and then its argument prototype would still apply.  */
| #ifdef __cplusplus
| extern "C"
| #endif
| char umem_cache_create ();
| int
| main ()
| {
| return umem_cache_create ();
|   ;
|   return 0;
| }
configure:6039: gcc -std=gnu99 -o conftest -g -O2 -pthread -pthread   conftest.c -lumem  -levent -lrt  >&5
/usr/bin/ld: cannot find -lumem
collect2: ld returned 1 exit status
configure:6046: $? = 1
configure: failed program was:
| /* confdefs.h.  */
| #define PACKAGE_NAME "memcached"
| #define PACKAGE_TARNAME "memcached"
| #define PACKAGE_VERSION "1.4.25"
| #define PACKAGE_STRING "memcached 1.4.25"
| #define PACKAGE_BUGREPORT "memcached@googlegroups.com"
| #define PACKAGE "memcached"
| #define VERSION "1.4.25"
| #define STDC_HEADERS 1
| #define HAVE_SYS_TYPES_H 1
| #define HAVE_SYS_STAT_H 1
| #define HAVE_STDLIB_H 1
| #define HAVE_STRING_H 1
| #define HAVE_MEMORY_H 1
| #define HAVE_STRINGS_H 1
| #define HAVE_INTTYPES_H 1
| #define HAVE_STDINT_H 1
| #define HAVE_UNISTD_H 1
| #define HAVE_SASL_SASL_H 1
| /* end confdefs.h.  */
| 
| /* Override any GCC internal prototype to avoid an error.
|    Use char because int might match the return type of a GCC
|    builtin and then its argument prototype would still apply.  */
| #ifdef __cplusplus
| extern "C"
| #endif
| char umem_cache_create ();
| int
| main ()
| {
| return umem_cache_create ();
|   ;
|   return 0;
| }
configure:6077: result: no
configure:6085: checking for library containing gethugepagesizes
configure:6126: gcc -std=gnu99 -o conftest -g -O2 -pthread -pthread   conftest.c -levent -lrt  >&5
/tmp/ccwnm5dv.o: In function `main':
/home/q/new_proj/memcached-wb+_tree/conftest.c:32: undefined reference to `gethugepagesizes'
collect2: ld returned 1 exit status
configure:6133: $? = 1
configure: failed program was:
| /* confdefs.h.  */
| #define PACKAGE_NAME "memcached"
| #define PACKAGE_TARNAME "memcached"
| #define PACKAGE_VERSION "1.4.25"
| #define PACKAGE_STRING "memcached 1.4.25"
| #define PACKAGE_BUGREPORT "memcached@googlegroups.com"
| #define PACKAGE "memcached"
| #define VERSION "1.4.25"
| #define STDC_HEADERS 1
| #define HAVE_SYS_TYPES_H 1
| #define HAVE_SYS_STAT_H 1
| #define HAVE_STDLIB_H 1
| #define HAVE_STRING_H 1
| #define HAVE_MEMORY_H 1
| #define HAVE_STRINGS_H 1
| #define HAVE_INTTYPES_H 1
| #define HAVE_STDINT_H 1
| #define HAVE_UNISTD_H 1
| #define HAVE_SASL_SASL_H 1
| /* end confdefs.h.  */
| 
| /* Override any GCC internal prototype to avoid an error.
|    Use char because int might match the return type of a GCC
|    builtin and then its argument prototype would still apply.  */
| #ifdef __cplusplus
| extern "C"
| #endif
| char gethugepagesizes ();
| int
| main ()
| {
| return gethugepagesizes ();
|   ;
|   return 0;
| }
configure:6126: gcc -std=gnu99 -o conftest -g -O2 -pthread -pthread   conftest.c -lhugetlbfs  -levent -lrt  >&5
/usr/bin/ld: cannot find -lhugetlbfs
collect2: ld returned 1 exit status
configure:6133: $? = 1
configure: failed program was:
| /* confdefs.h.  */
| #define PACKAGE_NAME "memcached"
| #define PACKAGE_TARNAME "memcached"
| #define PACKAGE_VERSION "1.4.25"
| #define PACKAGE_STRING "memcached 1.4.25"
| #define PACKAGE_BUGREPORT "memcached@googlegroups.com"
| #define PACKAGE "memcached"
| #define VERSION "1.4.25"
| #define STDC_HEADERS 1
| #define HAVE_SYS_TYPES_H 1
| #define HAVE_SYS_STAT_H 1
| #define HAVE_STDLIB_H 1
| #define HAVE_STRING_H 1
| #define HAVE_MEMORY_H 1
| #define HAVE_STRINGS_H 1
| #define HAVE_INTTYPES_H 1
| #define HAVE_STDINT_H 1
| #define HAVE_UNISTD_H 1
| #define HAVE_SASL_SASL_H 1
| /* end confdefs.h.  */
| 
| /* Override any GCC internal prototype to avoid an error.
|    Use char because int might match the return type of a GCC
|    builtin and then its argument prototype would still apply.  */
| #ifdef __cplusplus
| extern "C"
| #endif
| char gethugepagesizes ();
| int
| main ()
| {
| return gethugepagesizes ();
|   ;
|   return 0;
| }
configure:6164: result: no
configure:6173: checking for stdbool.h that conforms to C99
configure:6268: gcc -std=gnu99 -c -g -O2 -pthread -pthread  conftest.c >&5
configure:6275: $? = 0
configure:6290: result: yes
configure:6292: checking for _Bool
configure:6320: gcc -std=gnu99 -c -g -O2 -pthread -pthread  conftest.c >&5
configure:6327: $? = 0
configure:6354: gcc -std=gnu99 -c -g -O2 -pthread -pthread  conftest.c >&5
conftest.c: In function 'main':
conftest.c:57: error: expected expression before ')' token
configure:6361: $? = 1
configure: failed program was:
| /* confdefs.h.  */
| #define PACKAGE_NAME "memcached"
| #define PACKAGE_TARNAME "memcached"
| #define PACKAGE_VERSION "1.4.25"
| #define PACKAGE_STRING "memcached 1.4.25"
| #define PACKAGE_BUGREPORT "memcached@googlegroups.com"
| #define PACKAGE "memcached"
| #define VERSION "1.4.25"
| #define STDC_HEADERS 1
| #define HAVE_SYS_TYPES_H 1
| #define HAVE_SYS_STAT_H 1
| #define HAVE_STDLIB_H 1
| #define HAVE_STRING_H 1
| #define HAVE_MEMORY_H 1
| #define HAVE_STRINGS_H 1
| #define HAVE_INTTYPES_H 1
| #define HAVE_STDINT_H 1
| #define HAVE_UNISTD_H 1
| #define HAVE_SASL_SASL_H 1
| /* end confdefs.h.  */
| #include <stdio.h>
| #ifdef HAVE_SYS_TYPES_H
| # include <sys/types.h>
| #endif
| #ifdef HAVE_SYS_STAT_H
| # include <sys/stat.h>
| #endif
| #ifdef STDC_HEADERS
| # include <stdlib.h>
| # include <stddef.h>
| #else
| # ifdef HAVE_STDLIB_H
| #  include <stdlib.h>
| # endif
| #endif
| #ifdef HAVE_STRING_H
| # if !defined STDC_HEADERS && defined HAVE_MEMORY_H
| #  include <memory.h>
| # endif
| # include <string.h>
| #endif
| #ifdef HAVE_STRINGS_H
| # include <strings.h>
| #endif
| #ifdef HAVE_INTTYPES_H
| # include <inttypes.h>
| #endif
| #ifdef HAVE_STDINT_H
| # include <stdint.h>
| #endif
| #ifdef HAVE_UNISTD_H
| # include <unistd.h>
| #endif
| int
| main ()
| {
| if (sizeof ((_Bool)))
| 	  return 0;
|   ;
|   return 0;
| }
configure:6384: result: yes
configure:6411: checking for inttypes.h
configure:6418: result: yes
configure:6563: checking for sasl_callback_ft
configure:6597: gcc -std=gnu99 -c -g -O2 -pthread -pthread  conftest.c >&5
conftest.c: In function 'main':
conftest.c:34: error: 'sasl_callback_ft' undeclared (first use in this function)
conftest.c:34: error: (Each undeclared identifier is reported only once
conftest.c:34: error: for each function it appears in.)
conftest.c:34: error: expected ';' before 'a_callback'
configure:6604: $? = 1
configure: failed program was:
| /* confdefs.h.  */
| #define PACKAGE_NAME "memcached"
| #define PACKAGE_TARNAME "memcached"
| #define PACKAGE_VERSION "1.4.25"
| #define PACKAGE_STRING "memcached 1.4.25"
| #define PACKAGE_BUGREPORT "memcached@googlegroups.com"
| #define PACKAGE "memcached"
| #define VERSION "1.4.25"
| #define STDC_HEADERS 1
| #define HAVE_SYS_TYPES_H 1
| #define HAVE_SYS_STAT_H 1
| #define HAVE_STDLIB_H 1
| #define HAVE_STRING_H 1
| #define HAVE_MEMORY_H 1
| #define HAVE_STRINGS_H 1
| #define HAVE_INTTYPES_H 1
| #define HAVE_STDINT_H 1
| #define HAVE_UNISTD_H 1
| #define HAVE_SASL_SASL_H 1
| #define HAVE__BOOL 1
| #define HAVE_STDBOOL_H 1
| #define HAVE_INTTYPES_H 1
| /* end confdefs.h.  */
| 
|     #ifdef HAVE_SASL_SASL_H
|     #include <sasl/sasl.h>
|     #include <sasl/saslplug.h>
|     #endif
| 
| int
| main ()
| {
| 
|     sasl_callback_ft a_callback;
| 
|   ;
|   return 0;
| }
configure:6624: result: no
configure:6638: checking for print macros for integers (C99 section 7.8.1)
configure:6672: gcc -std=gnu99 -c -g -O2 -pthread -pthread  conftest.c >&5
configure:6679: $? = 0
configure:6695: result: yes
configure:6712: checking for an ANSI C-conforming const
configure:6787: gcc -std=gnu99 -c -g -O2 -pthread -pthread  conftest.c >&5
configure:6794: $? = 0
configure:6809: result: yes
configure:6822: checking for socklen_t
configure:6854: gcc -std=gnu99 -c -g -O2 -pthread -pthread  conftest.c >&5
configure:6861: $? = 0
configure:6881: result: yes
configure:6894: checking for endianness
configure:6934: gcc -std=gnu99 -o conftest -g -O2 -pthread -pthread   conftest.c -levent -lrt  >&5
conftest.c: In function 'main':
conftest.c:30: warning: implicit declaration of function 'exit'
conftest.c:30: warning: incompatible implicit declaration of built-in function 'exit'
configure:6938: $? = 0
configure:6944: ./conftest
configure:6948: $? = 1
configure: program exited with status 1
configure: failed program was:
| /* confdefs.h.  */
| #define PACKAGE_NAME "memcached"
| #define PACKAGE_TARNAME "memcached"
| #define PACKAGE_VERSION "1.4.25"
| #define PACKAGE_STRING "memcached 1.4.25"
| #define PACKAGE_BUGREPORT "memcached@googlegroups.com"
| #define PACKAGE "memcached"
| #define VERSION "1.4.25"
| #define STDC_HEADERS 1
| #define HAVE_SYS_TYPES_H 1
| #define HAVE_SYS_STAT_H 1
| #define HAVE_STDLIB_H 1
| #define HAVE_STRING_H 1
| #define HAVE_MEMORY_H 1
| #define HAVE_STRINGS_H 1
| #define HAVE_INTTYPES_H 1
| #define HAVE_STDINT_H 1
| #define HAVE_UNISTD_H 1
| #define HAVE_SASL_SASL_H 1
| #define HAVE__BOOL 1
| #define HAVE_STDBOOL_H 1
| #define HAVE_INTTYPES_H 1
| /* end confdefs.h.  */
| 
| int
| main ()
| {
|         long val = 1;
|         char *c = (char *) &val;
|         exit(*c == 1);
| 
|   ;
|   return 0;
| }
| 
configure:6970: result: little
configure:6991: checking for htonll
configure:7023: gcc -std=gnu99 -o conftest -g -O2 -pthread -pthread   conftest.c -levent -lrt  >&5
conftest.c:29:23: warning: extra tokens at end of #include directive
conftest.c: In function 'main':
conftest.c:36: warning: implicit declaration of function 'htonll'
/tmp/cczwfukU.o: In function `main':
/home/q/new_proj/memcached-wb+_tree/conftest.c:36: undefined reference to `htonll'
collect2: ld returned 1 exit status
configure:7030: $? = 1
configure: failed program was:
| /* confdefs.h.  */
| #define PACKAGE_NAME "memcached"
| #define PACKAGE_TARNAME "memcached"
| #define PACKAGE_VERSION "1.4.25"
| #define PACKAGE_STRING "memcached 1.4.25"
| #define PACKAGE_BUGREPORT "memcached@googlegroups.com"
| #define PACKAGE "memcached"
| #define VERSION "1.4.25"
| #define STDC_HEADERS 1
| #define HAVE_SYS_TYPES_H 1
| #define HAVE_SYS_STAT_H 1
| #define HAVE_STDLIB_H 1
| #define HAVE_STRING_H 1
| #define HAVE_MEMORY_H 1
| #define HAVE_STRINGS_H 1
| #define HAVE_INTTYPES_H 1
| #define HAVE_STDINT_H 1
| #define HAVE_UNISTD_H 1
| #define HAVE_SASL_SASL_H 1
| #define HAVE__BOOL 1
| #define HAVE_STDBOOL_H 1
| #define HAVE_INTTYPES_H 1
| #define ENDIAN_LITTLE 1
| /* end confdefs.h.  */
| 
| #include <sys/types.h>
| #include <netinet/in.h>
| #ifdef HAVE_INTTYPES_H
| #include <inttypes.h> */
| #endif
| 
| int
| main ()
| {
| 
|           return htonll(0);
| 
|   ;
|   return 0;
| }
configure:7059: result: no
configure:7063: checking for library containing pthread_create
configure:7104: gcc -std=gnu99 -o conftest -g -O2 -pthread -pthread   conftest.c -levent -lrt  >&5
configure:7111: $? = 0
configure:7142: result: none required
configure:7160: checking for mlockall
configure:7216: gcc -std=gnu99 -o conftest -g -O2 -pthread -pthread   conftest.c -levent -lrt  >&5
configure:7223: $? = 0
configure:7245: result: yes
configure:7261: checking for getpagesizes
configure:7317: gcc -std=gnu99 -o conftest -g -O2 -pthread -pthread   conftest.c -levent -lrt  >&5
/tmp/ccxkC5r5.o: In function `main':
/home/q/new_proj/memcached-wb+_tree/conftest.c:60: undefined reference to `getpagesizes'
collect2: ld returned 1 exit status
configure:7324: $? = 1
configure: failed program was:
| /* confdefs.h.  */
| #define PACKAGE_NAME "memcached"
| #define PACKAGE_TARNAME "memcached"
| #define PACKAGE_VERSION "1.4.25"
| #define PACKAGE_STRING "memcached 1.4.25"
| #define PACKAGE_BUGREPORT "memcached@googlegroups.com"
| #define PACKAGE "memcached"
| #define VERSION "1.4.25"
| #define STDC_HEADERS 1
| #define HAVE_SYS_TYPES_H 1
| #define HAVE_SYS_STAT_H 1
| #define HAVE_STDLIB_H 1
| #define HAVE_STRING_H 1
| #define HAVE_MEMORY_H 1
| #define HAVE_STRINGS_H 1
| #define HAVE_INTTYPES_H 1
| #define HAVE_STDINT_H 1
| #define HAVE_UNISTD_H 1
| #define HAVE_SASL_SASL_H 1
| #define HAVE__BOOL 1
| #define HAVE_STDBOOL_H 1
| #define HAVE_INTTYPES_H 1
| #define ENDIAN_LITTLE 1
| #define HAVE_MLOCKALL 1
| /* end confdefs.h.  */
| /* Define getpagesizes to an innocuous variant, in case <limits.h> declares getpagesizes.
|    For example, HP-UX 11i <limits.h> declares gettimeofday.  */
| #define getpagesizes innocuous_getpagesizes
| 
| /* System header to define __stub macros and hopefully few prototypes,
|     which can conflict with char getpagesizes (); below.
|     Prefer <limits.h> to <assert.h> if __STDC__ is defined, since
|     <limits.h> exists even on freestanding compilers.  */
| 
| #ifdef __STDC__
| # include <limits.h>
| #else
| # include <assert.h>
| #endif
| 
| #undef getpagesizes
| 
| /* Override any GCC internal prototype to avoid an error.
|    Use char because int might match the return type of a GCC
|    builtin and then its argument prototype would still apply.  */
| #ifdef __cplusplus
| extern "C"
| #endif
| char getpagesizes ();
| /* The GNU C library defines this for functions which it implements
|     to always fail with ENOSYS.  Some functions are actually named
|     something starting with __ and the normal name is an alias.  */
| #if defined __stub_getpagesizes || defined __stub___getpagesizes
| choke me
| #endif
| 
| int
| main ()
| {
| return getpagesizes ();
|   ;
|   return 0;
| }
configure:7346: result: no
configure:7362: checking for memcntl
configure:7418: gcc -std=gnu99 -o conftest -g -O2 -pthread -pthread   conftest.c -levent -lrt  >&5
/tmp/ccjVuasa.o: In function `main':
/home/q/new_proj/memcached-wb+_tree/conftest.c:60: undefined reference to `memcntl'
collect2: ld returned 1 exit status
configure:7425: $? = 1
configure: failed program was:
| /* confdefs.h.  */
| #define PACKAGE_NAME "memcached"
| #define PACKAGE_TARNAME "memcached"
| #define PACKAGE_VERSION "1.4.25"
| #define PACKAGE_STRING "memcached 1.4.25"
| #define PACKAGE_BUGREPORT "memcached@googlegroups.com"
| #define PACKAGE "memcached"
| #define VERSION "1.4.25"
| #define STDC_HEADERS 1
| #define HAVE_SYS_TYPES_H 1
| #define HAVE_SYS_STAT_H 1
| #define HAVE_STDLIB_H 1
| #define HAVE_STRING_H 1
| #define HAVE_MEMORY_H 1
| #define HAVE_STRINGS_H 1
| #define HAVE_INTTYPES_H 1
| #define HAVE_STDINT_H 1
| #define HAVE_UNISTD_H 1
| #define HAVE_SASL_SASL_H 1
| #define HAVE__BOOL 1
| #define HAVE_STDBOOL_H 1
| #define HAVE_INTTYPES_H 1
| #define ENDIAN_LITTLE 1
| #define HAVE_MLOCKALL 1
| /* end confdefs.h.  */
| /* Define memcntl to an innocuous variant, in case <limits.h> declares memcntl.
|    For example, HP-UX 11i <limits.h> declares gettimeofday.  */
| #define memcntl innocuous_memcntl
| 
| /* System header to define __stub macros and hopefully few prototypes,
|     which can conflict with char memcntl (); below.
|     Prefer <limits.h> to <assert.h> if __STDC__ is defined, since
|     <limits.h> exists even on freestanding compilers.  */
| 
| #ifdef __STDC__
| # include <limits.h>
| #else
| # include <assert.h>
| #endif
| 
| #undef memcntl
| 
| /* Override any GCC internal prototype to avoid an error.
|    Use char because int might match the return type of a GCC
|    builtin and then its argument prototype would still apply.  */
| #ifdef __cplusplus
| extern "C"
| #endif
| char memcntl ();
| /* The GNU C library defines this for functions which it implements
|     to always fail with ENOSYS.  Some functions are actually named
|     something starting with __ and the normal name is an alias.  */
| #if defined __stub_memcntl || defined __stub___memcntl
| choke me
| #endif
| 
| int
| main ()
| {
| return memcntl ();
|   ;
|   return 0;
| }
configure:7447: result: no
configure:7463: checking for sigignore
configure:7519: gcc -std=gnu99 -o conftest -g -O2 -pthread -pthread   conftest.c -levent -lrt  >&5
configure:7526: $? = 0
configure:7548: result: yes
configure:7564: checking for clock_gettime
configure:7620: gcc -std=gnu99 -o conftest -g -O2 -pthread -pthread   conftest.c -levent -lrt  >&5
configure:7627: $? = 0
configure:7649: result: yes
configure:7665: checking for accept4
configure:7721: gcc -std=gnu99 -o conftest -g -O2 -pthread -pthread   conftest.c -levent -lrt  >&5
configure:7728: $? = 0
configure:7750: result: yes
configure:7769: checking for alignment
configure:7825: gcc -std=gnu99 -o conftest -g -O2 -pthread -pthread   conftest.c -levent -lrt  >&5
configure:7829: $? = 0
configure:7835: ./conftest
configure:7839: $? = 0
configure:7861: result: none
configure:7873: checking for GCC atomics
configure:7901: gcc -std=gnu99 -o conftest -g -O2 -pthread -pthread   conftest.c -levent -lrt  >&5
configure:7908: $? = 0
configure:7932: result: yes
configure:7939: checking for setppriv
configure:7995: gcc -std=gnu99 -o conftest -g -O2 -pthread -pthread   conftest.c -levent -lrt  >&5
/tmp/ccZ5FrWH.o: In function `main':
/home/q/new_proj/memcached-wb+_tree/conftest.c:65: undefined reference to `setppriv'
collect2: ld returned 1 exit status
configure:8002: $? = 1
configure: failed program was:
| /* confdefs.h.  */
| #define PACKAGE_NAME "memcached"
| #define PACKAGE_TARNAME "memcached"
| #define PACKAGE_VERSION "1.4.25"
| #define PACKAGE_STRING "memcached 1.4.25"
| #define PACKAGE_BUGREPORT "memcached@googlegroups.com"
| #define PACKAGE "memcached"
| #define VERSION "1.4.25"
| #define STDC_HEADERS 1
| #define HAVE_SYS_TYPES_H 1
| #define HAVE_SYS_STAT_H 1
| #define HAVE_STDLIB_H 1
| #define HAVE_STRING_H 1
| #define HAVE_MEMORY_H 1
| #define HAVE_STRINGS_H 1
| #define HAVE_INTTYPES_H 1
| #define HAVE_STDINT_H 1
| #define HAVE_UNISTD_H 1
| #define HAVE_SASL_SASL_H 1
| #define HAVE__BOOL 1
| #define HAVE_STDBOOL_H 1
| #define HAVE_INTTYPES_H 1
| #define ENDIAN_LITTLE 1
| #define HAVE_MLOCKALL 1
| #define HAVE_SIGIGNORE 1
| #define HAVE_CLOCK_GETTIME 1
| #define HAVE_ACCEPT4 1
| #define HAVE_ACCEPT4 1
| #define HAVE_GCC_ATOMICS 1
| /* end confdefs.h.  */
| /* Define setppriv to an innocuous variant, in case <limits.h> declares setppriv.
|    For example, HP-UX 11i <limits.h> declares gettimeofday.  */
| #define setppriv innocuous_setppriv
| 
| /* System header to define __stub macros and hopefully few prototypes,
|     which can conflict with char setppriv (); below.
|     Prefer <limits.h> to <assert.h> if __STDC__ is defined, since
|     <limits.h> exists even on freestanding compilers.  */
| 
| #ifdef __STDC__
| # include <limits.h>
| #else
| # include <assert.h>
| #endif
| 
| #undef setppriv
| 
| /* Override any GCC internal prototype to avoid an error.
|    Use char because int might match the return type of a GCC
|    builtin and then its argument prototype would still apply.  */
| #ifdef __cplusplus
| extern "C"
| #endif
| char setppriv ();
| /* The GNU C library defines this for functions which it implements
|     to always fail with ENOSYS.  Some functions are actually named
|     something starting with __ and the normal name is an alias.  */
| #if defined __stub_setppriv || defined __stub___setppriv
| choke me
| #endif
| 
| int
| main ()
| {
| return setppriv ();
|   ;
|   return 0;
| }
configure:8024: result: no
configure:8201: checking umem.h usability
configure:8218: gcc -std=gnu99 -c -g -O2 -pthread -pthread  conftest.c >&5
conftest.c:64:18: error: umem.h: No such file or directory
configure:8225: $? = 1
configure: failed program was:
| /* confdefs.h.  */
| #define PACKAGE_NAME "memcached"
| #define PACKAGE_TARNAME "memcached"
| #define PACKAGE_VERSION "1.4.25"
| #define PACKAGE_STRING "memcached 1.4.25"
| #define PACKAGE_BUGREPORT "memcached@googlegroups.com"
| #define PACKAGE "memcached"
| #define VERSION "1.4.25"
| #define STDC_HEADERS 1
| #define HAVE_SYS_TYPES_H 1
| #define HAVE_SYS_STAT_H 1
| #define HAVE_STDLIB_H 1
| #define HAVE_STRING_H 1
| #define HAVE_MEMORY_H 1
| #define HAVE_STRINGS_H 1
| #define HAVE_INTTYPES_H 1
| #define HAVE_STDINT_H 1
| #define HAVE_UNISTD_H 1
| #define HAVE_SASL_SASL_H 1
| #define HAVE__BOOL 1
| #define HAVE_STDBOOL_H 1
| #define HAVE_INTTYPES_H 1
| #define ENDIAN_LITTLE 1
| #define HAVE_MLOCKALL 1
| #define HAVE_SIGIGNORE 1
| #define HAVE_CLOCK_GETTIME 1
| #define HAVE_ACCEPT4 1
| #define HAVE_ACCEPT4 1
| #define HAVE_GCC_ATOMICS 1
| /* end confdefs.h.  */
| #include <stdio.h>
| #ifdef HAVE_SYS_TYPES_H
| # include <sys/types.h>
| #endif
| #ifdef HAVE_SYS_STAT_H
| # include <sys/stat.h>
| #endif
| #ifdef STDC_HEADERS
| # include <stdlib.h>
| # include <stddef.h>
| #else
| # ifdef HAVE_STDLIB_H
| #  include <stdlib.h>
| # endif
| #endif
| #ifdef HAVE_STRING_H
| # if !defined STDC_HEADERS && defined HAVE_MEMORY_H
| #  include <memory.h>
| # endif
| # include <string.h>
| #endif
| #ifdef HAVE_STRINGS_H
| # include <strings.h>
| #endif
| #ifdef HAVE_INTTYPES_H
| # include <inttypes.h>
| #endif
| #ifdef HAVE_STDINT_H
| # include <stdint.h>
| #endif
| #ifdef HAVE_UNISTD_H
| # include <unistd.h>
| #endif
| #include <umem.h>
configure:8239: result: no
configure:8243: checking umem.h presence
configure:8258: gcc -E  conftest.c
conftest.c:31:18: error: umem.h: No such file or directory
configure:8265: $? = 1
configure: failed program was:
| /* confdefs.h.  */
| #define PACKAGE_NAME "memcached"
| #define PACKAGE_TARNAME "memcached"
| #define PACKAGE_VERSION "1.4.25"
| #define PACKAGE_STRING "memcached 1.4.25"
| #define PACKAGE_BUGREPORT "memcached@googlegroups.com"
| #define PACKAGE "memcached"
| #define VERSION "1.4.25"
| #define STDC_HEADERS 1
| #define HAVE_SYS_TYPES_H 1
| #define HAVE_SYS_STAT_H 1
| #define HAVE_STDLIB_H 1
| #define HAVE_STRING_H 1
| #define HAVE_MEMORY_H 1
| #define HAVE_STRINGS_H 1
| #define HAVE_INTTYPES_H 1
| #define HAVE_STDINT_H 1
| #define HAVE_UNISTD_H 1
| #define HAVE_SASL_SASL_H 1
| #define HAVE__BOOL 1
| #define HAVE_STDBOOL_H 1
| #define HAVE_INTTYPES_H 1
| #define ENDIAN_LITTLE 1
| #define HAVE_MLOCKALL 1
| #define HAVE_SIGIGNORE 1
| #define HAVE_CLOCK_GETTIME 1
| #define HAVE_ACCEPT4 1
| #define HAVE_ACCEPT4 1
| #define HAVE_GCC_ATOMICS 1
| /* end confdefs.h.  */
| #include <umem.h>
configure:8279: result: no
configure:8312: checking for umem.h
configure:8319: result: no
configure:8355: checking for xml2rfc
configure:8386: result: no
configure:8396: checking for xsltproc
configure:8414: found /usr/bin/xsltproc
configure:8427: result: /usr/bin/xsltproc
configure:8641: creating ./config.status

## ---------------------- ##
## Running config.status. ##
## ---------------------- ##

This file was extended by memcached config.status 1.4.25, which was
generated by GNU Autoconf 2.63.  Invocation command line was

  CONFIG_FILES    = 
  CONFIG_HEADERS  = 
  CONFIG_LINKS    = 
  CONFIG_COMMANDS = 
  $ ./config.status 

on localhost.localdomain

config.status:812: creating Makefile
config.status:812: creating doc/Makefile
config.status:812: creating config.h
config.status:1034: config.h is unchanged
config.status:1086: executing depfiles commands

## ---------------- ##
## Cache variables. ##
## ---------------- ##

ac_cv_build=x86_64-unknown-linux-gnu
ac_cv_c_alignment=none
ac_cv_c_compiler_gnu=yes
ac_cv_c_const=yes
ac_cv_c_endian=little
ac_cv_c_socklen_t=yes
ac_cv_c_uint64_support=yes
ac_cv_env_CC_set=
ac_cv_env_CC_value=
ac_cv_env_CFLAGS_set=
ac_cv_env_CFLAGS_value=
ac_cv_env_CPPFLAGS_set=
ac_cv_env_CPPFLAGS_value=
ac_cv_env_CPP_set=
ac_cv_env_CPP_value=
ac_cv_env_LDFLAGS_set=
ac_cv_env_LDFLAGS_value=
ac_cv_env_LIBS_set=
ac_cv_env_LIBS_value=
ac_cv_env_build_alias_set=
ac_cv_env_build_alias_value=
ac_cv_env_host_alias_set=
ac_cv_env_host_alias_value=
ac_cv_env_target_alias_set=
ac_cv_env_target_alias_value=
ac_cv_func_accept4=yes
ac_cv_func_clock_gettime=yes
ac_cv_func_getpagesizes=no
ac_cv_func_memcntl=no
ac_cv_func_mlockall=yes
ac_cv_func_setppriv=no
ac_cv_func_sigignore=yes
ac_cv_has_sasl_callback_ft=no
ac_cv_have_decl___SUNPRO_C=no
ac_cv_header_inttypes_h=yes
ac_cv_header_memory_h=yes
ac_cv_header_sasl_sasl_h=yes
ac_cv_header_stdbool_h=yes
ac_cv_header_stdc=yes
ac_cv_header_stdint_h=yes
ac_cv_header_stdlib_h=yes
ac_cv_header_string_h=yes
ac_cv_header_strings_h=yes
ac_cv_header_sys_stat_h=yes
ac_cv_header_sys_types_h=yes
ac_cv_header_umem_h=no
ac_cv_header_unistd_h=yes
ac_cv_host=x86_64-unknown-linux-gnu
ac_cv_lib_gcov_main=yes
ac_cv_libevent_dir='(system)'
ac_cv_objext=o
ac_cv_path_EGREP='/bin/grep -E'
ac_cv_path_GREP=/bin/grep
ac_cv_path_PROFILER=/usr/bin/gcov
ac_cv_path_XML2RFC=no
ac_cv_path_XSLTPROC=/usr/bin/xsltproc
ac_cv_path_install='/usr/bin/install -c'
ac_cv_path_mkdir=/bin/mkdir
ac_cv_prog_AWK=gawk
ac_cv_prog_CPP='gcc -E'
ac_cv_prog_ac_ct_CC=gcc
ac_cv_prog_cc_c89=
ac_cv_prog_cc_c99=-std=gnu99
ac_cv_prog_cc_g=yes
ac_cv_prog_cc_gcc_c_o=yes
ac_cv_prog_make_make_set=yes
ac_cv_search_clock_gettime=-lrt
ac_cv_search_gethostbyname='none required'
ac_cv_search_gethugepagesizes=no
ac_cv_search_pthread_create='none required'
ac_cv_search_socket='none required'
ac_cv_search_umem_cache_create=no
ac_cv_type__Bool=yes
am_cv_CC_dependencies_compiler_type=gcc3

## ----------------- ##
## Output variables. ##
## ----------------- ##

ACLOCAL='${SHELL} /home/q/new_proj/memcached-wb+_tree/missing --run aclocal-1.11'
AMDEPBACKSLASH='\'
AMDEP_FALSE='#'
AMDEP_TRUE=''
AMTAR='${SHELL} /home/q/new_proj/memcached-wb+_tree/missing --run tar'
AUTOCONF='${SHELL} /home/q/new_proj/memcached-wb+_tree/missing --run autoconf'
AUTOHEADER='${SHELL} /home/q/new_proj/memcached-wb+_tree/missing --run autoheader'
AUTOMAKE='${SHELL} /home/q/new_proj/memcached-wb+_tree/missing --run automake-1.11'
AWK='gawk'
BUILD_CACHE_FALSE='#'
BUILD_CACHE_TRUE=''
BUILD_DTRACE_FALSE=''
BUILD_DTRACE_TRUE='#'
BUILD_SOLARIS_PRIVS_FALSE=''
BUILD_SOLARIS_PRIVS_TRUE='#'
BUILD_SPECIFICATIONS_FALSE=''
BUILD_SPECIFICATIONS_TRUE='#'
CC='gcc -std=gnu99'
CCDEPMODE='depmode=gcc3'
CFLAGS='-g -O2 -pthread -pthread -Wall -Werror -pedantic -Wmissing-prototypes -Wmissing-declarations -Wredundant-decls -fno-strict-aliasing'
CPP='gcc -E'
CPPFLAGS=''
CYGPATH_W='echo'
DEFS='-DHAVE_CONFIG_H'
DEPDIR='.deps'
DTRACE=''
DTRACEFLAGS=''
DTRACE_INSTRUMENT_OBJ_FALSE=''
DTRACE_INSTRUMENT_OBJ_TRUE='#'
ECHO_C=''
ECHO_N='-n'
ECHO_T=''
EGREP='/bin/grep -E'
ENABLE_SASL=''
ENABLE_SASL_FALSE=''
ENABLE_SASL_TRUE='#'
EXEEXT=''
GREP='/bin/grep'
INSTALL_DATA='${INSTALL} -m 644'
INSTALL_PROGRAM='${INSTALL}'
INSTALL_SCRIPT='${INSTALL}'
INSTALL_STRIP_PROGRAM='$(install_sh) -c -s'
LDFLAGS=''
LIBOBJS=''
LIBS='-levent -lrt '
LTLIBOBJS=''
MAKEINFO='${SHELL} /home/q/new_proj/memcached-wb+_tree/missing --run makeinfo'
MKDIR_P='/bin/mkdir -p'
OBJEXT='o'
PACKAGE='memcached'
PACKAGE_BUGREPORT='memcached@googlegroups.com'
PACKAGE_NAME='memcached'
PACKAGE_STRING='memcached 1.4.25'
PACKAGE_TARNAME='memcached'
PACKAGE_VERSION='1.4.25'
PATH_SEPARATOR=':'
PROFILER='/usr/bin/gcov'
PROFILER_FLAGS='-fprofile-arcs -ftest-coverage'
PROFILER_LDFLAGS='-lgcov'
SET_MAKE=''
SHELL='/bin/sh'
STRIP=''
VERSION='1.4.25'
XML2RFC='no'
XSLTPROC='/usr/bin/xsltproc'
ac_ct_CC='gcc'
am__EXEEXT_FALSE=''
am__EXEEXT_TRUE='#'
am__fastdepCC_FALSE='#'
am__fastdepCC_TRUE=''
am__include='include'
am__isrc=''
am__leading_dot='.'
am__quote=''
am__tar='${AMTAR} chof - "$$tardir"'
am__untar='${AMTAR} xf -'
bindir='${exec_prefix}/bin'
build='x86_64-unknown-linux-gnu'
build_alias=''
build_cpu='x86_64'
build_os='linux-gnu'
build_vendor='unknown'
datadir='${datarootdir}'
datarootdir='${prefix}/share'
docdir='${datarootdir}/doc/${PACKAGE_TARNAME}'
dvidir='${docdir}'
exec_prefix='${prefix}'
host='x86_64-unknown-linux-gnu'
host_alias=''
host_cpu='x86_64'
host_os='linux-gnu'
host_vendor='unknown'
htmldir='${docdir}'
includedir='${prefix}/include'
infodir='${datarootdir}/info'
install_sh='${SHELL} /home/q/new_proj/memcached-wb+_tree/install-sh'
libdir='${exec_prefix}/lib'
libexecdir='${exec_prefix}/libexec'
localedir='${datarootdir}/locale'
localstatedir='${prefix}/var'
mandir='${datarootdir}/man'
mkdir_p='/bin/mkdir -p'
oldincludedir='/usr/include'
pdfdir='${docdir}'
prefix='/usr/local'
program_transform_name='s,x,x,'
psdir='${docdir}'
sbindir='${exec_prefix}/sbin'
sharedstatedir='${prefix}/com'
sysconfdir='${prefix}/etc'
target_alias=''

## ----------- ##
## confdefs.h. ##
## ----------- ##

#define PACKAGE_NAME "memcached"
#define PACKAGE_TARNAME "memcached"
#define PACKAGE_VERSION "1.4.25"
#define PACKAGE_STRING "memcached 1.4.25"
#define PACKAGE_BUGREPORT "memcached@googlegroups.com"
#define PACKAGE "memcached"
#define VERSION "1.4.25"
#define STDC_HEADERS 1
#define HAVE_SYS_TYPES_H 1
#define HAVE_SYS_STAT_H 1
#define HAVE_STDLIB_H 1
#define HAVE_STRING_H 1
#define HAVE_MEMORY_H 1
#define HAVE_STRINGS_H 1
#define HAVE_INTTYPES_H 1
#define HAVE_STDINT_H 1
#define HAVE_UNISTD_H 1
#define HAVE_SASL_SASL_H 1
#define HAVE__BOOL 1
#define HAVE_STDBOOL_H 1
#define HAVE_INTTYPES_H 1
#define ENDIAN_LITTLE 1
#define HAVE_MLOCKALL 1
#define HAVE_SIGIGNORE 1
#define HAVE_CLOCK_GETTIME 1
#define HAVE_ACCEPT4 1
#define HAVE_ACCEPT4 1
#define HAVE_GCC_ATOMICS 1
#define _GNU_SOURCE 1

configure: exit 0
